-------------------------------------------------------------------------------
Test set: runner.TestRunner
-------------------------------------------------------------------------------
Tests run: 3, Failures: 2, Errors: 0, Skipped: 1, Time elapsed: 3.266 s <<< FAILURE! - in runner.TestRunner
setUpClass(runner.TestRunner)  Time elapsed: 2.331 s  <<< FAILURE!
cucumber.runtime.DuplicateStepDefinitionException: Duplicate step definitions in Steps.GestionnaireCategorie.jeCliqueSurOk() in file:/C:/Users/Zohra/IdeaProjects/CucuberBasics/target/test-classes/ and Steps.GestionnaireCatégorie.jeCliqueSurOk() in file:/C:/Users/Zohra/IdeaProjects/CucuberBasics/target/test-classes/

tearDownClass(runner.TestRunner)  Time elapsed: 2.743 s  <<< FAILURE!
java.lang.NullPointerException

